{"/home/smartsupp/Documents/ALEX/Learning/testing-javascript/lesson-1/src/async.js": {"path":"/home/smartsupp/Documents/ALEX/Learning/testing-javascript/lesson-1/src/async.js","statementMap":{"0":{"start":{"line":1,"column":14},"end":{"line":1,"column":35}},"1":{"start":{"line":3,"column":21},"end":{"line":26,"column":1}},"2":{"start":{"line":5,"column":4},"end":{"line":25,"column":6}},"3":{"start":{"line":7,"column":8},"end":{"line":23,"column":15}},"4":{"start":{"line":8,"column":25},"end":{"line":8,"column":59}},"5":{"start":{"line":8,"column":44},"end":{"line":8,"column":58}},"6":{"start":{"line":10,"column":12},"end":{"line":14,"column":13}},"7":{"start":{"line":12,"column":16},"end":{"line":12,"column":77}},"8":{"start":{"line":16,"column":12},"end":{"line":21,"column":14}},"9":{"start":{"line":28,"column":24},"end":{"line":51,"column":1}},"10":{"start":{"line":30,"column":4},"end":{"line":50,"column":6}},"11":{"start":{"line":32,"column":8},"end":{"line":48,"column":15}},"12":{"start":{"line":33,"column":25},"end":{"line":33,"column":65}},"13":{"start":{"line":33,"column":44},"end":{"line":33,"column":64}},"14":{"start":{"line":35,"column":12},"end":{"line":39,"column":13}},"15":{"start":{"line":37,"column":16},"end":{"line":37,"column":83}},"16":{"start":{"line":41,"column":12},"end":{"line":46,"column":14}},"17":{"start":{"line":53,"column":0},"end":{"line":56,"column":2}}},"fnMap":{"0":{"name":"(anonymous_0)","decl":{"start":{"line":3,"column":21},"end":{"line":3,"column":22}},"loc":{"start":{"line":3,"column":29},"end":{"line":26,"column":1}},"line":3},"1":{"name":"(anonymous_1)","decl":{"start":{"line":5,"column":23},"end":{"line":5,"column":24}},"loc":{"start":{"line":5,"column":44},"end":{"line":25,"column":5}},"line":5},"2":{"name":"(anonymous_2)","decl":{"start":{"line":7,"column":19},"end":{"line":7,"column":20}},"loc":{"start":{"line":7,"column":25},"end":{"line":23,"column":9}},"line":7},"3":{"name":"(anonymous_3)","decl":{"start":{"line":8,"column":36},"end":{"line":8,"column":37}},"loc":{"start":{"line":8,"column":44},"end":{"line":8,"column":58}},"line":8},"4":{"name":"(anonymous_4)","decl":{"start":{"line":28,"column":24},"end":{"line":28,"column":25}},"loc":{"start":{"line":28,"column":35},"end":{"line":51,"column":1}},"line":28},"5":{"name":"(anonymous_5)","decl":{"start":{"line":30,"column":23},"end":{"line":30,"column":24}},"loc":{"start":{"line":30,"column":44},"end":{"line":50,"column":5}},"line":30},"6":{"name":"(anonymous_6)","decl":{"start":{"line":32,"column":19},"end":{"line":32,"column":20}},"loc":{"start":{"line":32,"column":25},"end":{"line":48,"column":9}},"line":32},"7":{"name":"(anonymous_7)","decl":{"start":{"line":33,"column":36},"end":{"line":33,"column":37}},"loc":{"start":{"line":33,"column":44},"end":{"line":33,"column":64}},"line":33}},"branchMap":{"0":{"loc":{"start":{"line":10,"column":12},"end":{"line":14,"column":13}},"type":"if","locations":[{"start":{"line":10,"column":12},"end":{"line":14,"column":13}},{"start":{"line":10,"column":12},"end":{"line":14,"column":13}}],"line":10},"1":{"loc":{"start":{"line":35,"column":12},"end":{"line":39,"column":13}},"type":"if","locations":[{"start":{"line":35,"column":12},"end":{"line":39,"column":13}},{"start":{"line":35,"column":12},"end":{"line":39,"column":13}}],"line":35}},"s":{"0":1,"1":1,"2":4,"3":4,"4":4,"5":9,"6":4,"7":1,"8":3,"9":1,"10":4,"11":4,"12":4,"13":9,"14":4,"15":1,"16":3,"17":1},"f":{"0":4,"1":4,"2":4,"3":9,"4":4,"5":4,"6":4,"7":9},"b":{"0":[1,3],"1":[1,3]},"_coverageSchema":"332fd63041d2c1bcb487cc26dd0d5f7d97098a6c","hash":"721560bbe0d4e2ba5cec7bd411aa5452c03968f6"}
,"/home/smartsupp/Documents/ALEX/Learning/testing-javascript/lesson-1/src/index.js": {"path":"/home/smartsupp/Documents/ALEX/Learning/testing-javascript/lesson-1/src/index.js","statementMap":{"0":{"start":{"line":3,"column":4},"end":{"line":5,"column":5}},"1":{"start":{"line":4,"column":8},"end":{"line":4,"column":60}},"2":{"start":{"line":7,"column":4},"end":{"line":7,"column":23}},"3":{"start":{"line":10,"column":0},"end":{"line":12,"column":1}}},"fnMap":{"0":{"name":"add","decl":{"start":{"line":1,"column":9},"end":{"line":1,"column":12}},"loc":{"start":{"line":1,"column":24},"end":{"line":8,"column":1}},"line":1}},"branchMap":{"0":{"loc":{"start":{"line":3,"column":4},"end":{"line":5,"column":5}},"type":"if","locations":[{"start":{"line":3,"column":4},"end":{"line":5,"column":5}},{"start":{"line":3,"column":4},"end":{"line":5,"column":5}}],"line":3},"1":{"loc":{"start":{"line":3,"column":7},"end":{"line":3,"column":21}},"type":"binary-expr","locations":[{"start":{"line":3,"column":7},"end":{"line":3,"column":12}},{"start":{"line":3,"column":16},"end":{"line":3,"column":21}}],"line":3}},"s":{"0":4,"1":2,"2":2,"3":2},"f":{"0":4},"b":{"0":[2,2],"1":[4,3]},"_coverageSchema":"332fd63041d2c1bcb487cc26dd0d5f7d97098a6c","hash":"5c544746fca08f45592237cd7ca98f946e77b358"}
,"/home/smartsupp/Documents/ALEX/Learning/testing-javascript/lesson-1/src/query-string.js": {"path":"/home/smartsupp/Documents/ALEX/Learning/testing-javascript/lesson-1/src/query-string.js","statementMap":{"0":{"start":{"line":2,"column":14},"end":{"line":15,"column":1}},"1":{"start":{"line":3,"column":1},"end":{"line":5,"column":2}},"2":{"start":{"line":4,"column":2},"end":{"line":4,"column":40}},"3":{"start":{"line":6,"column":15},"end":{"line":6,"column":37}},"4":{"start":{"line":7,"column":16},"end":{"line":7,"column":18}},"5":{"start":{"line":9,"column":1},"end":{"line":12,"column":3}},"6":{"start":{"line":10,"column":22},"end":{"line":10,"column":38}},"7":{"start":{"line":11,"column":2},"end":{"line":11,"column":41}},"8":{"start":{"line":14,"column":1},"end":{"line":14,"column":14}},"9":{"start":{"line":17,"column":20},"end":{"line":21,"column":1}},"10":{"start":{"line":18,"column":1},"end":{"line":18,"column":100}},"11":{"start":{"line":18,"column":35},"end":{"line":18,"column":99}},"12":{"start":{"line":20,"column":1},"end":{"line":20,"column":11}},"13":{"start":{"line":24,"column":18},"end":{"line":32,"column":1}},"14":{"start":{"line":25,"column":1},"end":{"line":25,"column":39}},"15":{"start":{"line":26,"column":19},"end":{"line":26,"column":21}},"16":{"start":{"line":27,"column":1},"end":{"line":29,"column":2}},"17":{"start":{"line":28,"column":2},"end":{"line":28,"column":67}},"18":{"start":{"line":31,"column":1},"end":{"line":31,"column":38}},"19":{"start":{"line":34,"column":0},"end":{"line":37,"column":1}}},"fnMap":{"0":{"name":"(anonymous_0)","decl":{"start":{"line":2,"column":14},"end":{"line":2,"column":15}},"loc":{"start":{"line":2,"column":31},"end":{"line":15,"column":1}},"line":2},"1":{"name":"(anonymous_1)","decl":{"start":{"line":9,"column":17},"end":{"line":9,"column":18}},"loc":{"start":{"line":9,"column":26},"end":{"line":12,"column":2}},"line":9},"2":{"name":"(anonymous_2)","decl":{"start":{"line":17,"column":20},"end":{"line":17,"column":21}},"loc":{"start":{"line":17,"column":29},"end":{"line":21,"column":1}},"line":17},"3":{"name":"(anonymous_3)","decl":{"start":{"line":18,"column":26},"end":{"line":18,"column":27}},"loc":{"start":{"line":18,"column":35},"end":{"line":18,"column":99}},"line":18},"4":{"name":"(anonymous_4)","decl":{"start":{"line":24,"column":18},"end":{"line":24,"column":19}},"loc":{"start":{"line":24,"column":35},"end":{"line":32,"column":1}},"line":24}},"branchMap":{"0":{"loc":{"start":{"line":3,"column":1},"end":{"line":5,"column":2}},"type":"if","locations":[{"start":{"line":3,"column":1},"end":{"line":5,"column":2}},{"start":{"line":3,"column":1},"end":{"line":5,"column":2}}],"line":3},"1":{"loc":{"start":{"line":18,"column":35},"end":{"line":18,"column":99}},"type":"binary-expr","locations":[{"start":{"line":18,"column":36},"end":{"line":18,"column":53}},{"start":{"line":18,"column":57},"end":{"line":18,"column":79}},{"start":{"line":18,"column":84},"end":{"line":18,"column":99}}],"line":18}},"s":{"0":1,"1":3,"2":2,"3":3,"4":3,"5":3,"6":5,"7":5,"8":3,"9":1,"10":2,"11":10,"12":2,"13":1,"14":2,"15":2,"16":2,"17":8,"18":2,"19":1},"f":{"0":3,"1":5,"2":2,"3":10,"4":2},"b":{"0":[2,1],"1":[10,9,2]},"_coverageSchema":"332fd63041d2c1bcb487cc26dd0d5f7d97098a6c","hash":"591c247acb0f065bcb99af51ded704f6935f0e93"}
,"/home/smartsupp/Documents/ALEX/Learning/testing-javascript/lesson-1/src/db/users.js": {"path":"/home/smartsupp/Documents/ALEX/Learning/testing-javascript/lesson-1/src/db/users.js","statementMap":{"0":{"start":{"line":1,"column":0},"end":{"line":23,"column":2}}},"fnMap":{},"branchMap":{},"s":{"0":1},"f":{},"b":{},"_coverageSchema":"332fd63041d2c1bcb487cc26dd0d5f7d97098a6c","hash":"547a3ef9bfbdb5c2a20485b68b5b608d7c534803"}
}
