TN:
SF:/home/smartsupp/Documents/ALEX/Learning/testing-javascript/lesson-1/src/async.js
FN:3,(anonymous_0)
FN:5,(anonymous_1)
FN:7,(anonymous_2)
FN:8,(anonymous_3)
FN:28,(anonymous_4)
FN:30,(anonymous_5)
FN:32,(anonymous_6)
FN:33,(anonymous_7)
FNF:8
FNH:8
FNDA:4,(anonymous_0)
FNDA:4,(anonymous_1)
FNDA:4,(anonymous_2)
FNDA:9,(anonymous_3)
FNDA:4,(anonymous_4)
FNDA:4,(anonymous_5)
FNDA:4,(anonymous_6)
FNDA:9,(anonymous_7)
DA:1,1
DA:3,1
DA:5,4
DA:7,4
DA:8,9
DA:10,4
DA:12,1
DA:16,3
DA:28,1
DA:30,4
DA:32,4
DA:33,9
DA:35,4
DA:37,1
DA:41,3
DA:53,1
LF:16
LH:16
BRDA:10,0,0,1
BRDA:10,0,1,3
BRDA:35,1,0,1
BRDA:35,1,1,3
BRF:4
BRH:4
end_of_record
TN:
SF:/home/smartsupp/Documents/ALEX/Learning/testing-javascript/lesson-1/src/index.js
FN:1,add
FNF:1
FNH:1
FNDA:4,add
DA:3,4
DA:4,2
DA:7,2
DA:10,2
LF:4
LH:4
BRDA:3,0,0,2
BRDA:3,0,1,2
BRDA:3,1,0,4
BRDA:3,1,1,3
BRF:4
BRH:4
end_of_record
TN:
SF:/home/smartsupp/Documents/ALEX/Learning/testing-javascript/lesson-1/src/query-string.js
FN:2,(anonymous_0)
FN:9,(anonymous_1)
FN:17,(anonymous_2)
FN:18,(anonymous_3)
FN:24,(anonymous_4)
FNF:5
FNH:5
FNDA:3,(anonymous_0)
FNDA:5,(anonymous_1)
FNDA:2,(anonymous_2)
FNDA:10,(anonymous_3)
FNDA:2,(anonymous_4)
DA:2,1
DA:3,3
DA:4,2
DA:6,3
DA:7,3
DA:9,3
DA:10,5
DA:11,5
DA:14,3
DA:17,1
DA:18,10
DA:20,2
DA:24,1
DA:25,2
DA:26,2
DA:27,2
DA:28,8
DA:31,2
DA:34,1
LF:19
LH:19
BRDA:3,0,0,2
BRDA:3,0,1,1
BRDA:18,1,0,10
BRDA:18,1,1,9
BRDA:18,1,2,2
BRF:5
BRH:5
end_of_record
TN:
SF:/home/smartsupp/Documents/ALEX/Learning/testing-javascript/lesson-1/src/db/users.js
FNF:0
FNH:0
DA:1,1
LF:1
LH:1
BRF:0
BRH:0
end_of_record
